TN:
SF:src/components/ExternalLink.tsx
FN:9,ExternalLink
FN:13,(anonymous_1)
FNF:2
FNH:0
FNDA:0,ExternalLink
FNDA:0,(anonymous_1)
DA:10,0
DA:14,0
LF:2
LH:0
BRDA:17,0,0,0
BRDA:17,0,1,0
BRF:2
BRH:0
end_of_record
TN:
SF:src/components/FloatingActionButton.tsx
FN:22,FloatingActionButton
FN:36,(anonymous_1)
FN:64,(anonymous_2)
FN:73,(anonymous_3)
FN:82,(anonymous_4)
FN:91,(anonymous_5)
FNF:6
FNH:0
FNDA:0,FloatingActionButton
FNDA:0,(anonymous_1)
FNDA:0,(anonymous_2)
FNDA:0,(anonymous_3)
FNDA:0,(anonymous_4)
FNDA:0,(anonymous_5)
DA:33,0
DA:34,0
DA:36,0
DA:37,0
DA:39,0
DA:45,0
DA:48,0
DA:61,0
DA:62,0
DA:64,0
DA:65,0
DA:66,0
DA:69,0
DA:73,0
DA:74,0
DA:75,0
DA:76,0
DA:77,0
DA:78,0
DA:82,0
DA:83,0
DA:84,0
DA:85,0
DA:86,0
DA:87,0
DA:91,0
DA:92,0
DA:93,0
DA:95,0
DA:97,0
DA:103,0
DA:110,0
DA:116,0
DA:124,0
DA:125,0
DA:126,0
DA:128,0
DA:178,0
LF:38
LH:0
BRDA:24,0,0,0
BRDA:25,1,0,0
BRDA:26,2,0,0
BRDA:30,3,0,0
BRDA:37,4,0,0
BRDA:37,4,1,0
BRDA:74,5,0,0
BRDA:74,5,1,0
BRDA:74,5,2,0
BRDA:74,5,3,0
BRDA:83,6,0,0
BRDA:83,6,1,0
BRDA:83,6,2,0
BRDA:83,6,3,0
BRDA:95,7,0,0
BRDA:95,7,1,0
BRDA:95,7,2,0
BRDA:95,7,3,0
BRDA:134,8,0,0
BRDA:134,8,1,0
BRDA:135,9,0,0
BRDA:135,9,1,0
BRDA:147,10,0,0
BRDA:147,10,1,0
BRDA:158,11,0,0
BRDA:158,11,1,0
BRF:26
BRH:0
end_of_record
TN:
SF:src/components/Header.tsx
FN:11,Header
FN:18,(anonymous_1)
FNF:2
FNH:0
FNDA:0,Header
FNDA:0,(anonymous_1)
DA:12,0
DA:14,0
DA:18,0
DA:31,0
LF:4
LH:0
BRDA:11,0,0,0
BRDA:17,1,0,0
BRDA:17,1,1,0
BRF:3
BRH:0
end_of_record
TN:
SF:src/components/LanguageSelector.tsx
FN:26,LanguageSelector
FN:38,(anonymous_1)
FN:49,(anonymous_2)
FN:59,(anonymous_3)
FN:74,(anonymous_4)
FN:138,(anonymous_5)
FN:160,LanguageSelectorButton
FN:169,(anonymous_7)
FNF:8
FNH:0
FNDA:0,LanguageSelector
FNDA:0,(anonymous_1)
FNDA:0,(anonymous_2)
FNDA:0,(anonymous_3)
FNDA:0,(anonymous_4)
FNDA:0,(anonymous_5)
FNDA:0,LanguageSelectorButton
FNDA:0,(anonymous_7)
DA:27,0
DA:28,0
DA:29,0
DA:30,0
DA:32,0
DA:33,0
DA:34,0
DA:35,0
DA:36,0
DA:38,0
DA:39,0
DA:40,0
DA:41,0
DA:44,0
DA:45,0
DA:46,0
DA:49,0
DA:50,0
DA:51,0
DA:54,0
DA:55,0
DA:59,0
DA:60,0
DA:61,0
DA:63,0
DA:74,0
DA:107,0
DA:138,0
DA:161,0
DA:162,0
DA:163,0
DA:165,0
DA:166,0
DA:167,0
DA:169,0
DA:171,0
DA:196,0
LF:37
LH:0
BRDA:26,0,0,0
BRDA:32,1,0,0
BRDA:32,1,1,0
BRDA:33,2,0,0
BRDA:33,2,1,0
BRDA:34,3,0,0
BRDA:34,3,1,0
BRDA:35,4,0,0
BRDA:35,4,1,0
BRDA:36,5,0,0
BRDA:36,5,1,0
BRDA:39,6,0,0
BRDA:70,7,0,0
BRDA:70,7,1,0
BRDA:72,8,0,0
BRDA:72,8,1,0
BRDA:87,9,0,0
BRDA:87,9,1,0
BRDA:95,10,0,0
BRDA:95,10,1,0
BRDA:95,10,2,0
BRDA:165,11,0,0
BRDA:165,11,1,0
BRDA:166,12,0,0
BRDA:166,12,1,0
BRDA:167,13,0,0
BRDA:167,13,1,0
BRDA:185,14,0,0
BRDA:185,14,1,0
BRF:29
BRH:0
end_of_record
TN:
SF:src/components/PhotoGrid.tsx
FN:31,PhotoGrid
FN:42,(anonymous_1)
FN:74,(anonymous_2)
FN:107,(anonymous_3)
FN:113,(anonymous_4)
FNF:5
FNH:0
FNDA:0,PhotoGrid
FNDA:0,(anonymous_1)
FNDA:0,(anonymous_2)
FNDA:0,(anonymous_3)
FNDA:0,(anonymous_4)
DA:12,0
DA:39,0
DA:40,0
DA:42,0
DA:43,0
DA:44,0
DA:64,0
DA:74,0
DA:101,0
DA:103,0
DA:108,0
DA:113,0
DA:118,0
LF:13
LH:0
BRDA:33,0,0,0
BRDA:36,1,0,0
BRDA:37,2,0,0
BRDA:43,3,0,0
BRDA:52,4,0,0
BRDA:52,4,1,0
BRDA:71,5,0,0
BRDA:71,5,1,0
BRDA:84,6,0,0
BRDA:84,6,1,0
BRDA:84,6,2,0
BRDA:84,6,3,0
BRDA:86,7,0,0
BRDA:86,7,1,0
BRDA:89,8,0,0
BRDA:89,8,1,0
BRDA:92,9,0,0
BRDA:92,9,1,0
BRDA:101,10,0,0
BRDA:101,10,1,0
BRDA:108,11,0,0
BRDA:108,11,1,0
BRF:22
BRH:0
end_of_record
TN:
SF:src/components/QuickActionButton.tsx
FN:22,QuickActionButton
FN:35,(anonymous_1)
FN:45,(anonymous_2)
FN:81,(anonymous_3)
FN:93,(anonymous_4)
FNF:5
FNH:0
FNDA:0,QuickActionButton
FNDA:0,(anonymous_1)
FNDA:0,(anonymous_2)
FNDA:0,(anonymous_3)
FNDA:0,(anonymous_4)
DA:33,0
DA:35,0
DA:36,0
DA:38,0
DA:39,0
DA:42,0
DA:45,0
DA:46,0
DA:50,0
DA:58,0
DA:60,0
DA:65,0
DA:72,0
DA:77,0
DA:81,0
DA:82,0
DA:84,0
DA:87,0
DA:89,0
DA:93,0
DA:94,0
DA:95,0
DA:96,0
DA:97,0
DA:98,0
DA:102,0
DA:128,0
LF:27
LH:0
BRDA:26,0,0,0
BRDA:27,1,0,0
BRDA:28,2,0,0
BRDA:29,3,0,0
BRDA:36,4,0,0
BRDA:38,5,0,0
BRDA:46,6,0,0
BRDA:46,6,1,0
BRDA:52,7,0,0
BRDA:52,7,1,0
BRDA:58,8,0,0
BRDA:58,8,1,0
BRDA:58,8,2,0
BRDA:58,8,3,0
BRDA:82,9,0,0
BRDA:82,9,1,0
BRDA:82,9,2,0
BRDA:82,9,3,0
BRDA:94,10,0,0
BRDA:94,10,1,0
BRDA:94,10,2,0
BRDA:94,10,3,0
BRDA:119,11,0,0
BRDA:119,11,1,0
BRDA:120,12,0,0
BRDA:120,12,1,0
BRF:26
BRH:0
end_of_record
TN:
SF:src/components/QuickStats.tsx
FN:20,QuickStats
FN:28,(anonymous_1)
FN:41,(anonymous_2)
FN:54,(anonymous_3)
FN:66,(anonymous_4)
FN:68,(anonymous_5)
FN:107,(anonymous_6)
FNF:7
FNH:0
FNDA:0,QuickStats
FNDA:0,(anonymous_1)
FNDA:0,(anonymous_2)
FNDA:0,(anonymous_3)
FNDA:0,(anonymous_4)
FNDA:0,(anonymous_5)
FNDA:0,(anonymous_6)
DA:21,0
DA:22,0
DA:24,0
DA:25,0
DA:26,0
DA:28,0
DA:29,0
DA:31,0
DA:33,0
DA:35,0
DA:37,0
DA:41,0
DA:42,0
DA:44,0
DA:46,0
DA:48,0
DA:50,0
DA:54,0
DA:55,0
DA:56,0
DA:57,0
DA:59,0
DA:62,0
DA:64,0
DA:67,0
DA:69,0
DA:107,0
DA:114,0
LF:28
LH:0
BRDA:20,0,0,0
BRDA:20,1,0,0
BRDA:24,2,0,0
BRDA:24,2,1,0
BRDA:25,3,0,0
BRDA:25,3,1,0
BRDA:26,4,0,0
BRDA:26,4,1,0
BRDA:29,5,0,0
BRDA:29,5,1,0
BRDA:29,5,2,0
BRDA:29,5,3,0
BRDA:42,6,0,0
BRDA:42,6,1,0
BRDA:42,6,2,0
BRDA:42,6,3,0
BRDA:69,7,0,0
BRDA:69,7,1,0
BRDA:70,8,0,0
BRDA:70,8,1,0
BRDA:73,9,0,0
BRDA:73,9,1,0
BRDA:74,10,0,0
BRDA:74,10,1,0
BRDA:79,11,0,0
BRDA:79,11,1,0
BRDA:79,12,0,0
BRDA:79,12,1,0
BRDA:84,13,0,0
BRDA:84,13,1,0
BRDA:90,14,0,0
BRDA:90,14,1,0
BRDA:90,14,2,0
BRDA:104,15,0,0
BRDA:104,15,1,0
BRF:35
BRH:0
end_of_record
TN:
SF:src/components/Spacing.tsx
FN:8,Spacing
FNF:1
FNH:0
FNDA:0,Spacing
DA:9,0
DA:11,0
LF:2
LH:0
BRDA:8,0,0,0
BRDA:9,1,0,0
BRDA:9,1,1,0
BRF:3
BRH:0
end_of_record
TN:
SF:src/components/feedback/ErrorState.tsx
FN:23,ErrorState
FNF:1
FNH:0
FNDA:0,ErrorState
DA:33,0
DA:34,0
DA:36,0
DA:38,0
DA:83,0
LF:5
LH:0
BRDA:24,0,0,0
BRDA:25,1,0,0
BRDA:27,2,0,0
BRDA:28,3,0,0
BRDA:29,4,0,0
BRDA:34,5,0,0
BRDA:34,5,1,0
BRDA:36,6,0,0
BRDA:36,6,1,0
BRDA:70,7,0,0
BRDA:70,7,1,0
BRF:11
BRH:0
end_of_record
TN:
SF:src/components/feedback/LoadingState.tsx
FN:20,LoadingState
FNF:1
FNH:0
FNDA:0,LoadingState
DA:28,0
DA:29,0
DA:31,0
DA:32,0
DA:34,0
DA:57,0
LF:6
LH:0
BRDA:21,0,0,0
BRDA:22,1,0,0
BRDA:24,2,0,0
BRDA:29,3,0,0
BRDA:29,3,1,0
BRDA:31,4,0,0
BRDA:31,4,1,0
BRDA:32,5,0,0
BRDA:32,5,1,0
BRDA:41,6,0,0
BRDA:41,6,1,0
BRF:11
BRH:0
end_of_record
TN:
SF:src/components/ui/Button.tsx
FN:29,Button
FN:46,(anonymous_1)
FN:56,(anonymous_2)
FN:98,(anonymous_3)
FN:122,(anonymous_4)
FN:130,(anonymous_5)
FNF:6
FNH:0
FNDA:0,Button
FNDA:0,(anonymous_1)
FNDA:0,(anonymous_2)
FNDA:0,(anonymous_3)
FNDA:0,(anonymous_4)
FNDA:0,(anonymous_5)
DA:43,0
DA:44,0
DA:46,0
DA:47,0
DA:49,0
DA:50,0
DA:53,0
DA:56,0
DA:57,0
DA:61,0
DA:70,0
DA:72,0
DA:77,0
DA:84,0
DA:89,0
DA:94,0
DA:98,0
DA:99,0
DA:101,0
DA:104,0
DA:110,0
DA:115,0
DA:122,0
DA:123,0
DA:124,0
DA:125,0
DA:126,0
DA:130,0
DA:131,0
DA:132,0
DA:140,0
DA:150,0
DA:155,0
DA:164,0
DA:177,0
LF:35
LH:0
BRDA:32,0,0,0
BRDA:33,1,0,0
BRDA:35,2,0,0
BRDA:36,3,0,0
BRDA:37,4,0,0
BRDA:38,5,0,0
BRDA:39,6,0,0
BRDA:44,7,0,0
BRDA:44,7,1,0
BRDA:47,8,0,0
BRDA:47,9,0,0
BRDA:47,9,1,0
BRDA:49,10,0,0
BRDA:57,11,0,0
BRDA:57,11,1,0
BRDA:63,12,0,0
BRDA:63,12,1,0
BRDA:67,13,0,0
BRDA:67,13,1,0
BRDA:70,14,0,0
BRDA:70,14,1,0
BRDA:70,14,2,0
BRDA:70,14,3,0
BRDA:70,14,4,0
BRDA:101,15,0,0
BRDA:101,15,1,0
BRDA:101,15,2,0
BRDA:101,15,3,0
BRDA:101,15,4,0
BRDA:123,16,0,0
BRDA:123,16,1,0
BRDA:123,16,2,0
BRDA:131,17,0,0
BRDA:135,18,0,0
BRDA:135,18,1,0
BRDA:135,19,0,0
BRDA:135,19,1,0
BRDA:140,20,0,0
BRDA:140,20,1,0
BRDA:145,21,0,0
BRDA:145,21,1,0
BRDA:157,22,0,0
BRDA:157,22,1,0
BRDA:159,23,0,0
BRDA:159,23,1,0
BRDA:168,24,0,0
BRDA:168,24,1,0
BRF:47
BRH:0
end_of_record
TN:
SF:src/components/ui/Card.tsx
FN:17,Card
FN:28,(anonymous_1)
FNF:2
FNH:0
FNDA:0,Card
FNDA:0,(anonymous_1)
DA:25,0
DA:26,0
DA:28,0
DA:29,0
DA:33,0
DA:40,0
DA:49,0
DA:51,0
DA:52,0
DA:64,0
LF:10
LH:0
BRDA:19,0,0,0
BRDA:21,1,0,0
BRDA:26,2,0,0
BRDA:26,2,1,0
BRDA:29,3,0,0
BRDA:29,3,1,0
BRDA:45,4,0,0
BRDA:45,4,1,0
BRDA:51,5,0,0
BRF:9
BRH:0
end_of_record
TN:
SF:src/containers/AppProvider.tsx
FN:14,(anonymous_0)
FN:30,AppInitializer
FN:31,(anonymous_2)
FN:33,(anonymous_3)
FN:41,AppProvider
FNF:5
FNH:0
FNDA:0,(anonymous_0)
FNDA:0,AppInitializer
FNDA:0,(anonymous_2)
FNDA:0,(anonymous_3)
FNDA:0,AppProvider
DA:9,0
DA:16,0
DA:17,0
DA:19,0
DA:31,0
DA:33,0
DA:35,0
DA:38,0
DA:42,0
LF:9
LH:0
BRDA:16,0,0,0
BRDA:16,1,0,0
BRDA:16,1,1,0
BRF:3
BRH:0
end_of_record
TN:
SF:src/domains/camera/components/CameraView.tsx
FN:27,CameraView
FN:55,(anonymous_1)
FN:58,(anonymous_2)
FN:65,(anonymous_3)
FN:73,(anonymous_4)
FN:79,(anonymous_5)
FN:90,(anonymous_6)
FN:100,(anonymous_7)
FN:132,(anonymous_8)
FN:138,(anonymous_9)
FN:153,(anonymous_10)
FN:166,(anonymous_11)
FN:183,(anonymous_12)
FN:184,(anonymous_13)
FN:191,(anonymous_14)
FN:192,(anonymous_15)
FN:205,(anonymous_16)
FN:272,(anonymous_17)
FNF:18
FNH:0
FNDA:0,CameraView
FNDA:0,(anonymous_1)
FNDA:0,(anonymous_2)
FNDA:0,(anonymous_3)
FNDA:0,(anonymous_4)
FNDA:0,(anonymous_5)
FNDA:0,(anonymous_6)
FNDA:0,(anonymous_7)
FNDA:0,(anonymous_8)
FNDA:0,(anonymous_9)
FNDA:0,(anonymous_10)
FNDA:0,(anonymous_11)
FNDA:0,(anonymous_12)
FNDA:0,(anonymous_13)
FNDA:0,(anonymous_14)
FNDA:0,(anonymous_15)
FNDA:0,(anonymous_16)
FNDA:0,(anonymous_17)
DA:34,0
DA:35,0
DA:38,0
DA:45,0
DA:46,0
DA:49,0
DA:50,0
DA:51,0
DA:52,0
DA:55,0
DA:56,0
DA:57,0
DA:58,0
DA:59,0
DA:65,0
DA:66,0
DA:67,0
DA:68,0
DA:79,0
DA:80,0
DA:82,0
DA:83,0
DA:84,0
DA:85,0
DA:93,0
DA:96,0
DA:100,0
DA:101,0
DA:103,0
DA:104,0
DA:105,0
DA:107,0
DA:113,0
DA:114,0
DA:121,0
DA:122,0
DA:125,0
DA:128,0
DA:129,0
DA:132,0
DA:133,0
DA:138,0
DA:145,0
DA:146,0
DA:147,0
DA:149,0
DA:153,0
DA:154,0
DA:155,0
DA:157,0
DA:158,0
DA:165,0
DA:166,0
DA:172,0
DA:173,0
DA:177,0
DA:178,0
DA:183,0
DA:184,0
DA:188,0
DA:191,0
DA:192,0
DA:194,0
DA:195,0
DA:196,0
DA:197,0
DA:198,0
DA:200,0
DA:202,0
DA:205,0
DA:206,0
DA:207,0
DA:208,0
DA:210,0
DA:215,0
DA:216,0
DA:225,0
DA:226,0
DA:250,0
DA:252,0
DA:272,0
DA:328,0
LF:82
LH:0
BRDA:30,0,0,0
BRDA:31,1,0,0
BRDA:56,2,0,0
BRDA:67,3,0,0
BRDA:80,4,0,0
BRDA:82,5,0,0
BRDA:84,6,0,0
BRDA:101,7,0,0
BRDA:101,8,0,0
BRDA:101,8,1,0
BRDA:113,9,0,0
BRDA:128,10,0,0
BRDA:128,10,1,0
BRDA:128,11,0,0
BRDA:128,11,1,0
BRDA:155,12,0,0
BRDA:165,13,0,0
BRDA:165,14,0,0
BRDA:165,14,1,0
BRDA:172,15,0,0
BRDA:186,16,0,0
BRDA:186,16,1,0
BRDA:194,17,0,0
BRDA:194,17,1,0
BRDA:194,17,2,0
BRDA:194,17,3,0
BRDA:206,18,0,0
BRDA:206,18,1,0
BRDA:206,18,2,0
BRDA:206,18,3,0
BRDA:215,19,0,0
BRDA:225,20,0,0
BRDA:262,21,0,0
BRDA:262,21,1,0
BRDA:263,22,0,0
BRDA:263,22,1,0
BRDA:263,22,2,0
BRDA:269,23,0,0
BRDA:269,23,1,0
BRDA:280,24,0,0
BRDA:280,24,1,0
BRDA:297,25,0,0
BRDA:297,25,1,0
BRDA:298,26,0,0
BRDA:298,26,1,0
BRDA:304,27,0,0
BRDA:304,27,1,0
BRDA:311,28,0,0
BRDA:311,28,1,0
BRF:49
BRH:0
end_of_record
TN:
SF:src/domains/camera/hooks/useCamera.ts
FN:14,useCamera
FN:35,(anonymous_1)
FN:42,(anonymous_2)
FN:54,(anonymous_3)
FN:55,(anonymous_4)
FN:61,(anonymous_5)
FN:62,(anonymous_6)
FN:73,(anonymous_7)
FN:74,(anonymous_8)
FN:81,(anonymous_9)
FN:82,(anonymous_10)
FN:92,(anonymous_11)
FN:93,(anonymous_12)
FN:103,(anonymous_13)
FN:104,(anonymous_14)
FN:105,(anonymous_15)
FN:111,(anonymous_16)
FN:117,(anonymous_17)
FN:123,(anonymous_18)
FN:139,(anonymous_19)
FNF:20
FNH:0
FNDA:0,useCamera
FNDA:0,(anonymous_1)
FNDA:0,(anonymous_2)
FNDA:0,(anonymous_3)
FNDA:0,(anonymous_4)
FNDA:0,(anonymous_5)
FNDA:0,(anonymous_6)
FNDA:0,(anonymous_7)
FNDA:0,(anonymous_8)
FNDA:0,(anonymous_9)
FNDA:0,(anonymous_10)
FNDA:0,(anonymous_11)
FNDA:0,(anonymous_12)
FNDA:0,(anonymous_13)
FNDA:0,(anonymous_14)
FNDA:0,(anonymous_15)
FNDA:0,(anonymous_16)
FNDA:0,(anonymous_17)
FNDA:0,(anonymous_18)
FNDA:0,(anonymous_19)
DA:21,0
DA:22,0
DA:25,0
DA:31,0
DA:32,0
DA:35,0
DA:36,0
DA:38,0
DA:39,0
DA:42,0
DA:43,0
DA:45,0
DA:46,0
DA:49,0
DA:50,0
DA:54,0
DA:55,0
DA:61,0
DA:62,0
DA:63,0
DA:64,0
DA:65,0
DA:66,0
DA:73,0
DA:74,0
DA:81,0
DA:82,0
DA:83,0
DA:84,0
DA:85,0
DA:87,0
DA:88,0
DA:92,0
DA:93,0
DA:94,0
DA:95,0
DA:96,0
DA:98,0
DA:99,0
DA:103,0
DA:104,0
DA:105,0
DA:106,0
DA:107,0
DA:111,0
DA:112,0
DA:113,0
DA:117,0
DA:118,0
DA:119,0
DA:123,0
DA:124,0
DA:125,0
DA:126,0
DA:127,0
DA:130,0
DA:138,0
DA:139,0
DA:144,0
DA:145,0
DA:148,0
DA:149,0
DA:151,0
DA:155,0
DA:156,0
DA:157,0
DA:159,0
LF:67
LH:0
BRDA:14,0,0,0
BRDA:15,1,0,0
BRDA:16,2,0,0
BRDA:36,3,0,0
BRDA:43,4,0,0
BRDA:45,5,0,0
BRDA:57,6,0,0
BRDA:57,6,1,0
BRDA:84,7,0,0
BRDA:95,8,0,0
BRDA:126,9,0,0
BRDA:138,10,0,0
BRDA:138,11,0,0
BRDA:138,11,1,0
BRDA:148,12,0,0
BRDA:148,12,1,0
BRF:16
BRH:0
end_of_record
TN:
SF:src/domains/camera/services/cameraService.ts
FN:27,(anonymous_0)
FN:37,(anonymous_1)
FN:144,(anonymous_2)
FN:146,(anonymous_3)
FN:150,(anonymous_4)
FN:158,(anonymous_5)
FN:164,(anonymous_6)
FN:179,(anonymous_7)
FN:194,(anonymous_8)
FN:195,(anonymous_9)
FN:201,(anonymous_10)
FN:228,(anonymous_11)
FN:251,(anonymous_12)
FNF:13
FNH:0
FNDA:0,(anonymous_0)
FNDA:0,(anonymous_1)
FNDA:0,(anonymous_2)
FNDA:0,(anonymous_3)
FNDA:0,(anonymous_4)
FNDA:0,(anonymous_5)
FNDA:0,(anonymous_6)
FNDA:0,(anonymous_7)
FNDA:0,(anonymous_8)
FNDA:0,(anonymous_9)
FNDA:0,(anonymous_10)
FNDA:0,(anonymous_11)
FNDA:0,(anonymous_12)
DA:28,0
DA:29,0
DA:31,0
DA:45,0
DA:47,0
DA:49,0
DA:50,0
DA:53,0
DA:55,0
DA:65,0
DA:66,0
DA:69,0
DA:70,0
DA:71,0
DA:79,0
DA:80,0
DA:89,0
DA:98,0
DA:99,0
DA:100,0
DA:105,0
DA:121,0
DA:128,0
DA:136,0
DA:137,0
DA:145,0
DA:146,0
DA:149,0
DA:151,0
DA:152,0
DA:154,0
DA:155,0
DA:158,0
DA:165,0
DA:168,0
DA:169,0
DA:171,0
DA:172,0
DA:180,0
DA:181,0
DA:182,0
DA:183,0
DA:186,0
DA:195,0
DA:202,0
DA:203,0
DA:204,0
DA:205,0
DA:208,0
DA:210,0
DA:220,0
DA:221,0
DA:229,0
DA:230,0
DA:231,0
DA:232,0
DA:235,0
DA:236,0
DA:240,0
DA:242,0
DA:244,0
DA:252,0
DA:253,0
DA:256,0
DA:257,0
DA:260,0
DA:266,0
DA:268,0
DA:269,0
DA:275,0
LF:70
LH:0
BRDA:28,0,0,0
BRDA:40,1,0,0
BRDA:41,2,0,0
BRDA:42,3,0,0
BRDA:43,4,0,0
BRDA:44,5,0,0
BRDA:50,6,0,0
BRDA:50,6,1,0
BRDA:50,7,0,0
BRDA:50,7,1,0
BRDA:65,8,0,0
BRDA:65,9,0,0
BRDA:65,9,1,0
BRDA:69,10,0,0
BRDA:69,11,0,0
BRDA:69,11,1,0
BRDA:79,12,0,0
BRDA:79,13,0,0
BRDA:79,13,1,0
BRDA:98,14,0,0
BRDA:151,15,0,0
BRDA:151,15,1,0
BRDA:182,16,0,0
BRDA:204,17,0,0
BRDA:214,18,0,0
BRDA:214,18,1,0
BRDA:215,19,0,0
BRDA:215,19,1,0
BRDA:217,20,0,0
BRDA:217,20,1,0
BRDA:231,21,0,0
BRDA:235,22,0,0
BRDA:235,23,0,0
BRDA:235,23,1,0
BRDA:251,24,0,0
BRDA:252,25,0,0
BRDA:256,26,0,0
BRF:37
BRH:0
end_of_record
TN:
SF:src/domains/posts/components/PostCard.tsx
FN:12,PostCard
FN:23,(anonymous_1)
FNF:2
FNH:0
FNDA:0,PostCard
FNDA:0,(anonymous_1)
DA:13,0
DA:15,0
DA:24,0
DA:46,0
LF:4
LH:0
BRDA:23,0,0,0
BRDA:23,0,1,0
BRF:2
BRH:0
end_of_record
TN:
SF:src/domains/posts/components/PostFeed.tsx
FN:8,PostFeed
FN:24,(anonymous_1)
FN:27,(anonymous_2)
FNF:3
FNH:0
FNDA:0,PostFeed
FNDA:0,(anonymous_1)
FNDA:0,(anonymous_2)
DA:9,0
DA:10,0
DA:11,0
DA:14,0
DA:16,0
DA:24,0
DA:28,0
DA:49,0
LF:8
LH:0
BRDA:11,0,0,0
BRDA:11,0,1,0
BRDA:37,1,0,0
BRDA:37,1,1,0
BRF:4
BRH:0
end_of_record
TN:
SF:src/domains/posts/components/TakePicture.tsx
FN:12,TakePicture
FN:20,(anonymous_1)
FN:22,(anonymous_2)
FN:27,(anonymous_3)
FN:32,(anonymous_4)
FN:37,(anonymous_5)
FN:59,(anonymous_6)
FN:69,(anonymous_7)
FN:81,(anonymous_8)
FN:85,(anonymous_9)
FN:86,(anonymous_10)
FN:89,(anonymous_11)
FN:90,(anonymous_12)
FN:104,(anonymous_13)
FNF:14
FNH:0
FNDA:0,TakePicture
FNDA:0,(anonymous_1)
FNDA:0,(anonymous_2)
FNDA:0,(anonymous_3)
FNDA:0,(anonymous_4)
FNDA:0,(anonymous_5)
FNDA:0,(anonymous_6)
FNDA:0,(anonymous_7)
FNDA:0,(anonymous_8)
FNDA:0,(anonymous_9)
FNDA:0,(anonymous_10)
FNDA:0,(anonymous_11)
FNDA:0,(anonymous_12)
FNDA:0,(anonymous_13)
DA:13,0
DA:14,0
DA:15,0
DA:16,0
DA:17,0
DA:18,0
DA:20,0
DA:21,0
DA:22,0
DA:23,0
DA:27,0
DA:28,0
DA:29,0
DA:30,0
DA:37,0
DA:38,0
DA:40,0
DA:41,0
DA:42,0
DA:48,0
DA:49,0
DA:52,0
DA:53,0
DA:55,0
DA:59,0
DA:60,0
DA:61,0
DA:64,0
DA:65,0
DA:66,0
DA:67,0
DA:71,0
DA:75,0
DA:80,0
DA:81,0
DA:85,0
DA:86,0
DA:89,0
DA:90,0
DA:91,0
DA:93,0
DA:95,0
DA:97,0
DA:99,0
DA:104,0
DA:105,0
DA:107,0
DA:109,0
DA:112,0
DA:116,0
DA:117,0
DA:124,0
DA:125,0
DA:139,0
DA:185,0
LF:55
LH:0
BRDA:29,0,0,0
BRDA:38,1,0,0
BRDA:38,2,0,0
BRDA:38,2,1,0
BRDA:48,3,0,0
BRDA:60,4,0,0
BRDA:64,5,0,0
BRDA:66,6,0,0
BRDA:80,7,0,0
BRDA:80,8,0,0
BRDA:80,8,1,0
BRDA:86,9,0,0
BRDA:86,9,1,0
BRDA:91,10,0,0
BRDA:91,10,1,0
BRDA:91,10,2,0
BRDA:91,10,3,0
BRDA:105,11,0,0
BRDA:105,11,1,0
BRDA:105,11,2,0
BRDA:105,11,3,0
BRDA:116,12,0,0
BRDA:124,13,0,0
BRDA:165,14,0,0
BRDA:165,14,1,0
BRF:25
BRH:0
end_of_record
TN:
SF:src/domains/posts/hooks/usePosts.ts
FN:7,(anonymous_0)
FN:8,(anonymous_1)
FN:10,(anonymous_2)
FN:32,(anonymous_3)
FN:33,(anonymous_4)
FN:55,(anonymous_5)
FN:56,(anonymous_6)
FN:75,usePosts
FN:82,(anonymous_8)
FN:87,(anonymous_9)
FN:91,useInfinitePosts
FN:98,(anonymous_11)
FN:99,(anonymous_12)
FN:105,useCreatePost
FN:111,(anonymous_14)
FN:124,(anonymous_15)
FN:130,useToggleLike
FN:135,(anonymous_17)
FN:137,(anonymous_18)
FN:149,(anonymous_19)
FN:154,(anonymous_20)
FN:159,(anonymous_21)
FN:168,(anonymous_22)
FN:177,updatePostInCache
FN:182,(anonymous_24)
FN:195,usePostActions
FNF:26
FNH:0
FNDA:0,(anonymous_0)
FNDA:0,(anonymous_1)
FNDA:0,(anonymous_2)
FNDA:0,(anonymous_3)
FNDA:0,(anonymous_4)
FNDA:0,(anonymous_5)
FNDA:0,(anonymous_6)
FNDA:0,usePosts
FNDA:0,(anonymous_8)
FNDA:0,(anonymous_9)
FNDA:0,useInfinitePosts
FNDA:0,(anonymous_11)
FNDA:0,(anonymous_12)
FNDA:0,useCreatePost
FNDA:0,(anonymous_14)
FNDA:0,(anonymous_15)
FNDA:0,useToggleLike
FNDA:0,(anonymous_17)
FNDA:0,(anonymous_18)
FNDA:0,(anonymous_19)
FNDA:0,(anonymous_20)
FNDA:0,(anonymous_21)
FNDA:0,(anonymous_22)
FNDA:0,updatePostInCache
FNDA:0,(anonymous_24)
FNDA:0,usePostActions
DA:6,0
DA:8,0
DA:10,0
DA:23,0
DA:33,0
DA:35,0
DA:49,0
DA:56,0
DA:58,0
DA:76,0
DA:80,0
DA:82,0
DA:87,0
DA:92,0
DA:96,0
DA:98,0
DA:99,0
DA:106,0
DA:108,0
DA:112,0
DA:114,0
DA:115,0
DA:118,0
DA:125,0
DA:131,0
DA:133,0
DA:136,0
DA:139,0
DA:140,0
DA:143,0
DA:144,0
DA:147,0
DA:149,0
DA:152,0
DA:154,0
DA:157,0
DA:161,0
DA:162,0
DA:164,0
DA:165,0
DA:170,0
DA:171,0
DA:178,0
DA:180,0
DA:183,0
DA:196,0
DA:197,0
DA:199,0
LF:48
LH:0
BRDA:7,0,0,0
BRDA:7,1,0,0
BRDA:61,2,0,0
BRDA:61,2,1,0
BRDA:75,3,0,0
BRDA:75,4,0,0
BRDA:75,5,0,0
BRDA:75,6,0,0
BRDA:76,7,0,0
BRDA:76,7,1,0
BRDA:91,8,0,0
BRDA:91,9,0,0
BRDA:92,10,0,0
BRDA:92,10,1,0
BRDA:98,11,0,0
BRDA:99,12,0,0
BRDA:99,12,1,0
BRDA:112,13,0,0
BRDA:112,14,0,0
BRDA:112,14,1,0
BRDA:161,15,0,0
BRDA:164,16,0,0
BRDA:178,17,0,0
BRDA:183,18,0,0
BRDA:183,18,1,0
BRDA:187,19,0,0
BRDA:187,19,1,0
BRF:27
BRH:0
end_of_record
TN:
SF:src/domains/user/stores/userStore.ts
FN:47,(anonymous_0)
FN:53,(anonymous_1)
FN:54,(anonymous_2)
FN:60,(anonymous_3)
FN:86,(anonymous_4)
FN:109,(anonymous_5)
FN:126,(anonymous_6)
FN:153,(anonymous_7)
FN:166,(anonymous_8)
FN:171,(anonymous_9)
FN:172,(anonymous_10)
FN:176,(anonymous_11)
FNF:12
FNH:0
FNDA:0,(anonymous_0)
FNDA:0,(anonymous_1)
FNDA:0,(anonymous_2)
FNDA:0,(anonymous_3)
FNDA:0,(anonymous_4)
FNDA:0,(anonymous_5)
FNDA:0,(anonymous_6)
FNDA:0,(anonymous_7)
FNDA:0,(anonymous_8)
FNDA:0,(anonymous_9)
FNDA:0,(anonymous_10)
FNDA:0,(anonymous_11)
DA:23,0
DA:33,0
DA:47,0
DA:54,0
DA:61,0
DA:62,0
DA:64,0
DA:65,0
DA:66,0
DA:69,0
DA:76,0
DA:78,0
DA:80,0
DA:81,0
DA:82,0
DA:87,0
DA:88,0
DA:90,0
DA:99,0
DA:101,0
DA:103,0
DA:104,0
DA:105,0
DA:110,0
DA:111,0
DA:114,0
DA:119,0
DA:121,0
DA:122,0
DA:127,0
DA:128,0
DA:130,0
DA:131,0
DA:132,0
DA:134,0
DA:135,0
DA:136,0
DA:140,0
DA:141,0
DA:142,0
DA:143,0
DA:146,0
DA:148,0
DA:149,0
DA:154,0
DA:155,0
DA:157,0
DA:159,0
DA:161,0
DA:162,0
DA:166,0
DA:170,0
DA:171,0
DA:173,0
DA:175,0
DA:176,0
LF:56
LH:0
BRDA:55,0,0,0
BRDA:55,0,1,0
BRDA:65,1,0,0
BRDA:80,2,0,0
BRDA:80,2,1,0
BRDA:103,3,0,0
BRDA:103,3,1,0
BRDA:121,4,0,0
BRDA:121,4,1,0
BRDA:131,5,0,0
BRDA:141,6,0,0
BRDA:173,7,0,0
BRF:12
BRH:0
end_of_record
TN:
SF:src/lib/funnel/Funnel.tsx
FN:4,(anonymous_0)
FN:7,(anonymous_1)
FN:9,(anonymous_2)
FN:14,(anonymous_3)
FN:15,(anonymous_4)
FNF:5
FNH:0
FNDA:0,(anonymous_0)
FNDA:0,(anonymous_1)
FNDA:0,(anonymous_2)
FNDA:0,(anonymous_3)
FNDA:0,(anonymous_4)
DA:4,0
DA:5,0
DA:7,0
DA:9,0
DA:11,0
DA:14,0
DA:15,0
DA:16,0
DA:19,0
LF:9
LH:0
BRDA:7,0,0,0
BRDA:7,0,1,0
BRF:2
BRH:0
end_of_record
TN:
SF:src/lib/funnel/useFunnel.tsx
FN:6,(anonymous_0)
FN:15,(anonymous_1)
FN:23,(anonymous_2)
FN:27,(anonymous_3)
FN:28,(anonymous_4)
FN:33,(anonymous_5)
FN:43,(anonymous_6)
FNF:7
FNH:0
FNDA:0,(anonymous_0)
FNDA:0,(anonymous_1)
FNDA:0,(anonymous_2)
FNDA:0,(anonymous_3)
FNDA:0,(anonymous_4)
FNDA:0,(anonymous_5)
FNDA:0,(anonymous_6)
DA:6,0
DA:9,0
DA:10,0
DA:12,0
DA:14,0
DA:16,0
DA:23,0
DA:24,0
DA:27,0
DA:28,0
DA:33,0
DA:37,0
DA:38,0
DA:40,0
DA:42,0
DA:43,0
DA:46,0
DA:49,0
LF:18
LH:0
BRDA:12,0,0,0
BRDA:12,0,1,0
BRDA:37,1,0,0
BRDA:37,1,1,0
BRF:4
BRH:0
end_of_record
TN:
SF:src/lib/i18n/config.ts
FN:17,(anonymous_0)
FN:45,(anonymous_1)
FN:46,(anonymous_2)
FN:82,(anonymous_3)
FN:104,(anonymous_4)
FN:122,(anonymous_5)
FN:132,(anonymous_6)
FN:137,(anonymous_7)
FNF:8
FNH:0
FNDA:0,(anonymous_0)
FNDA:0,(anonymous_1)
FNDA:0,(anonymous_2)
FNDA:0,(anonymous_3)
FNDA:0,(anonymous_4)
FNDA:0,(anonymous_5)
FNDA:0,(anonymous_6)
FNDA:0,(anonymous_7)
DA:11,0
DA:14,0
DA:18,0
DA:20,0
DA:21,0
DA:22,0
DA:23,0
DA:27,0
DA:28,0
DA:30,0
DA:32,0
DA:33,0
DA:34,0
DA:35,0
DA:39,0
DA:41,0
DA:42,0
DA:47,0
DA:48,0
DA:50,0
DA:56,0
DA:83,0
DA:84,0
DA:86,0
DA:87,0
DA:88,0
DA:93,0
DA:105,0
DA:106,0
DA:114,0
DA:122,0
DA:123,0
DA:124,0
DA:125,0
DA:127,0
DA:132,0
DA:133,0
DA:137,0
DA:138,0
DA:140,0
DA:141,0
LF:41
LH:0
BRDA:21,0,0,0
BRDA:30,1,0,0
BRDA:32,2,0,0
BRDA:32,2,1,0
BRDA:34,3,0,0
BRDA:83,4,0,0
BRDA:86,5,0,0
BRDA:87,6,0,0
BRDA:87,6,1,0
BRDA:105,7,0,0
BRDA:138,8,0,0
BRDA:138,8,1,0
BRF:12
BRH:0
end_of_record
TN:
SF:src/lib/i18n/hooks.ts
FN:8,(anonymous_0)
FN:16,(anonymous_1)
FN:18,(anonymous_2)
FN:21,(anonymous_3)
FN:24,(anonymous_4)
FN:29,(anonymous_5)
FN:38,(anonymous_6)
FN:48,(anonymous_7)
FN:57,(anonymous_8)
FN:76,(anonymous_9)
FN:77,(anonymous_10)
FN:81,(anonymous_11)
FN:85,(anonymous_12)
FN:89,(anonymous_13)
FN:108,(anonymous_14)
FN:111,(anonymous_15)
FN:121,(anonymous_16)
FN:124,(anonymous_17)
FN:157,(anonymous_18)
FN:160,(anonymous_19)
FN:178,(anonymous_20)
FN:181,(anonymous_21)
FN:196,(anonymous_22)
FN:199,(anonymous_23)
FN:221,(anonymous_24)
FN:224,(anonymous_25)
FNF:26
FNH:0
FNDA:0,(anonymous_0)
FNDA:0,(anonymous_1)
FNDA:0,(anonymous_2)
FNDA:0,(anonymous_3)
FNDA:0,(anonymous_4)
FNDA:0,(anonymous_5)
FNDA:0,(anonymous_6)
FNDA:0,(anonymous_7)
FNDA:0,(anonymous_8)
FNDA:0,(anonymous_9)
FNDA:0,(anonymous_10)
FNDA:0,(anonymous_11)
FNDA:0,(anonymous_12)
FNDA:0,(anonymous_13)
FNDA:0,(anonymous_14)
FNDA:0,(anonymous_15)
FNDA:0,(anonymous_16)
FNDA:0,(anonymous_17)
FNDA:0,(anonymous_18)
FNDA:0,(anonymous_19)
FNDA:0,(anonymous_20)
FNDA:0,(anonymous_21)
FNDA:0,(anonymous_22)
FNDA:0,(anonymous_23)
FNDA:0,(anonymous_24)
FNDA:0,(anonymous_25)
DA:8,0
DA:9,0
DA:11,0
DA:12,0
DA:13,0
DA:16,0
DA:18,0
DA:21,0
DA:25,0
DA:30,0
DA:31,0
DA:39,0
DA:44,0
DA:49,0
DA:53,0
DA:58,0
DA:59,0
DA:61,0
DA:62,0
DA:63,0
DA:64,0
DA:65,0
DA:66,0
DA:67,0
DA:69,0
DA:70,0
DA:76,0
DA:78,0
DA:82,0
DA:86,0
DA:90,0
DA:94,0
DA:108,0
DA:109,0
DA:111,0
DA:121,0
DA:122,0
DA:124,0
DA:157,0
DA:158,0
DA:160,0
DA:178,0
DA:179,0
DA:181,0
DA:196,0
DA:197,0
DA:199,0
DA:221,0
DA:222,0
DA:224,0
LF:50
LH:0
BRDA:30,0,0,0
BRDA:30,0,1,0
BRDA:61,1,0,0
BRDA:61,1,1,0
BRDA:63,2,0,0
BRDA:63,2,1,0
BRDA:65,3,0,0
BRDA:65,3,1,0
BRF:8
BRH:0
end_of_record
